 > Lab Work Directory: /home/artemis/catkin_ws/src/
------- STEP: 1 -------
Archive:  lab7.zip
   creating: /home/artemis/catkin_ws/src/lab7/
   creating: /home/artemis/catkin_ws/src/lab7/launch/
  inflating: /home/artemis/catkin_ws/src/lab7/launch/work.launch  
   creating: /home/artemis/catkin_ws/src/lab7/msg/
  inflating: /home/artemis/catkin_ws/src/lab7/msg/SimPose.msg  
  inflating: /home/artemis/catkin_ws/src/lab7/msg/PlotPoint.msg  
  inflating: /home/artemis/catkin_ws/src/lab7/msg/MapPoints.msg  
  inflating: /home/artemis/catkin_ws/src/lab7/msg/PlotPose.msg  
   creating: /home/artemis/catkin_ws/src/lab7/scripts/
  inflating: /home/artemis/catkin_ws/src/lab7/scripts/robot_interface.py  
  inflating: /home/artemis/catkin_ws/src/lab7/scripts/plotter_config.ini  
  inflating: /home/artemis/catkin_ws/src/lab7/scripts/Traj.py  
  inflating: /home/artemis/catkin_ws/src/lab7/scripts/lab7a.ipynb  
  inflating: /home/artemis/catkin_ws/src/lab7/scripts/lab7b.ipynb  
  inflating: /home/artemis/catkin_ws/src/lab7/scripts/loc_utils.py  
  inflating: /home/artemis/catkin_ws/src/lab7/package.xml  
  inflating: /home/artemis/catkin_ws/src/lab7/CMakeLists.txt  
   creating: /home/artemis/catkin_ws/src/lab7/srv/
  inflating: /home/artemis/catkin_ws/src/lab7/srv/ProbDist.srv  
  inflating: /home/artemis/catkin_ws/src/lab7/srv/MapInit.srv  
   creating: /home/artemis/catkin_ws/src/lab7/world/
  inflating: /home/artemis/catkin_ws/src/lab7/world/maze.png  
  inflating: /home/artemis/catkin_ws/src/lab7/world/empty.pgm  
  inflating: /home/artemis/catkin_ws/src/lab7/world/map_1.pgm  
  inflating: /home/artemis/catkin_ws/src/lab7/world/models.world  
  inflating: /home/artemis/catkin_ws/src/lab7/world/playground.world  
   creating: /home/artemis/catkin_ws/src/lab7/include/
   creating: /home/artemis/catkin_ws/src/lab7/include/lab7/
   creating: /home/artemis/catkin_ws/src/lab7/src/
  inflating: /home/artemis/catkin_ws/src/lab7/src/plotter.py  
  inflating: /home/artemis/catkin_ws/src/lab7/src/stageros_lab7.cpp  
  inflating: /home/artemis/catkin_ws/src/lab7/src/teleop_keyboard.py  
------- STEP: 2 -------

source /opt/ros/melodic/setup.bash
source /home/artemis/catkin_ws/devel/setup.bash

source ~/.bash_aliases
--- ls:
-rwxr-xr-x 1 artemis artemis 360 Oct 25 10:13 /home/artemis/.bash_aliases
--- cat:
alias lab3-manager="mon launch lab3 work.launch --no-start"
alias lab4-manager="mon launch lab4 work.launch --no-start"
alias lab5-manager="mon launch lab5 work.launch --no-start"
alias lab6-manager="mon launch lab6 work.launch --no-start"
alias lab7-manager="mon launch lab7 work.launch --no-start"
alias robot-keyboard-teleop="rosrun lab7 teleop_keyboard.py"
------- STEP: 3 -------
-- Using CATKIN_DEVEL_PREFIX: /home/artemis/catkin_ws/devel
-- Using CMAKE_PREFIX_PATH: /home/artemis/catkin_ws/devel;/opt/ros/melodic
-- This workspace overlays: /home/artemis/catkin_ws/devel;/opt/ros/melodic
-- Found PythonInterp: /usr/bin/python2 (found suitable version "2.7.17", minimum required is "2") 
-- Using PYTHON_EXECUTABLE: /usr/bin/python2
-- Using Debian Python package layout
-- Using empy: /usr/bin/empy
-- Using CATKIN_ENABLE_TESTING: ON
-- Call enable_testing()
-- Using CATKIN_TEST_RESULTS_DIR: /home/artemis/catkin_ws/build/test_results
-- Found gtest sources under '/usr/src/googletest': gtests will be built
-- Found gmock sources under '/usr/src/googletest': gmock will be built
-- Found PythonInterp: /usr/bin/python2 (found version "2.7.17") 
-- Using Python nosetests: /usr/bin/nosetests-2.7
-- catkin 0.7.28
-- BUILD_SHARED_LIBS is on
-- BUILD_SHARED_LIBS is on
-- ~~~~~~~~~~~~~~~~~~~~~~~~~~~~~~~~~~~~~~~~~~~~~~~~~
-- ~~  traversing 3 packages in topological order:
-- ~~  - lab4
-- ~~  - lab6
-- ~~  - lab7
-- ~~~~~~~~~~~~~~~~~~~~~~~~~~~~~~~~~~~~~~~~~~~~~~~~~
-- +++ processing catkin package: 'lab4'
-- ==> add_subdirectory(lab4)
-- Using these message generators: gencpp;geneus;genlisp;gennodejs;genpy
-- Boost version: 1.65.1
-- Found the following Boost libraries:
--   system
--   thread
--   chrono
--   date_time
--   atomic
-- lab4: 4 messages, 0 services
-- +++ processing catkin package: 'lab6'
-- ==> add_subdirectory(lab6)
-- Using these message generators: gencpp;geneus;genlisp;gennodejs;genpy
-- Boost version: 1.65.1
-- Found the following Boost libraries:
--   system
--   thread
--   chrono
--   date_time
--   atomic
-- lab6: 4 messages, 0 services
-- +++ processing catkin package: 'lab7'
-- ==> add_subdirectory(lab7)
-- Using these message generators: gencpp;geneus;genlisp;gennodejs;genpy
-- Boost version: 1.65.1
-- Found the following Boost libraries:
--   system
--   thread
--   chrono
--   date_time
--   atomic
-- lab7: 4 messages, 2 services
-- Configuring done
-- Generating done
-- Build files have been written to: /home/artemis/catkin_ws/build
[  0%] Built target geometry_msgs_generate_messages_eus
[  0%] Built target _lab4_generate_messages_check_deps_MapPoints
[  0%] Built target _lab4_generate_messages_check_deps_PlotPose
[  0%] Built target _lab4_generate_messages_check_deps_SimPose
[  0%] Built target nav_msgs_generate_messages_eus
[  0%] Built target std_msgs_generate_messages_eus
[  0%] Built target _lab4_generate_messages_check_deps_PlotPoint
[  0%] Built target geometry_msgs_generate_messages_py
[  0%] Built target nav_msgs_generate_messages_py
[  0%] Built target std_msgs_generate_messages_py
[  0%] Built target std_msgs_generate_messages_nodejs
[  0%] Built target nav_msgs_generate_messages_nodejs
[  0%] Built target geometry_msgs_generate_messages_nodejs
[  0%] Built target geometry_msgs_generate_messages_lisp
[  0%] Built target nav_msgs_generate_messages_lisp
[  0%] Built target std_msgs_generate_messages_lisp
[  0%] Built target geometry_msgs_generate_messages_cpp
[  0%] Built target std_msgs_generate_messages_cpp
[  0%] Built target nav_msgs_generate_messages_cpp
[  0%] Built target sensor_msgs_generate_messages_py
[  0%] Built target tf2_msgs_generate_messages_nodejs
[  0%] Built target tf2_msgs_generate_messages_py
[  0%] Built target tf2_msgs_generate_messages_lisp
[  0%] Built target tf2_msgs_generate_messages_eus
[  0%] Built target tf2_msgs_generate_messages_cpp
[  0%] Built target actionlib_generate_messages_py
[  0%] Built target actionlib_generate_messages_nodejs
[  0%] Built target actionlib_generate_messages_eus
[  0%] Built target tf_generate_messages_nodejs
[  0%] Built target tf_generate_messages_eus
[  0%] Built target tf_generate_messages_lisp
[  0%] Built target tf_generate_messages_cpp
[  0%] Built target std_srvs_generate_messages_py
[  0%] Built target std_srvs_generate_messages_nodejs
[  0%] Built target actionlib_generate_messages_lisp
[  0%] Built target std_srvs_generate_messages_lisp
[  0%] Built target rosgraph_msgs_generate_messages_eus
[  0%] Built target actionlib_msgs_generate_messages_cpp
[  0%] Built target std_srvs_generate_messages_cpp
[  0%] Built target roscpp_generate_messages_lisp
[  0%] Built target sensor_msgs_generate_messages_cpp
[  0%] Built target sensor_msgs_generate_messages_eus
[  0%] Built target actionlib_msgs_generate_messages_nodejs
[  0%] Built target rosgraph_msgs_generate_messages_nodejs
[  0%] Built target rosgraph_msgs_generate_messages_py
[  0%] Built target roscpp_generate_messages_py
[  0%] Built target actionlib_msgs_generate_messages_eus
[  0%] Built target actionlib_msgs_generate_messages_lisp
[  0%] Built target actionlib_msgs_generate_messages_py
[  0%] Built target roscpp_generate_messages_nodejs
[  0%] Built target roscpp_generate_messages_eus
[  0%] Built target rosgraph_msgs_generate_messages_cpp
[  0%] Built target rosgraph_msgs_generate_messages_lisp
[  0%] Built target std_srvs_generate_messages_eus
[  0%] Built target sensor_msgs_generate_messages_lisp
[  0%] Built target actionlib_generate_messages_cpp
[  0%] Built target roscpp_generate_messages_cpp
[  0%] Built target sensor_msgs_generate_messages_nodejs
[  0%] Built target tf_generate_messages_py
[  0%] Built target _lab6_generate_messages_check_deps_PlotPose
[  0%] Built target _lab6_generate_messages_check_deps_MapPoints
[  0%] Built target _lab6_generate_messages_check_deps_PlotPoint
[  0%] Built target _lab6_generate_messages_check_deps_SimPose
[  2%] Built target stageros_lab6
Scanning dependencies of target _lab7_generate_messages_check_deps_PlotPoint
[  2%] Built target _lab7_generate_messages_check_deps_PlotPoint
Scanning dependencies of target _lab7_generate_messages_check_deps_PlotPose
Scanning dependencies of target stageros_lab7
[  2%] Built target _lab7_generate_messages_check_deps_PlotPose
[  3%] Building CXX object lab7/CMakeFiles/stageros_lab7.dir/src/stageros_lab7.cpp.o
Scanning dependencies of target _lab7_generate_messages_check_deps_SimPose
[  3%] Built target _lab7_generate_messages_check_deps_SimPose
Scanning dependencies of target _lab7_generate_messages_check_deps_ProbDist
[  3%] Built target _lab7_generate_messages_check_deps_ProbDist
Scanning dependencies of target _lab7_generate_messages_check_deps_MapInit
[  3%] Built target _lab7_generate_messages_check_deps_MapInit
Scanning dependencies of target _lab7_generate_messages_check_deps_MapPoints
[  3%] Built target _lab7_generate_messages_check_deps_MapPoints
[  9%] Built target lab4_generate_messages_eus
[ 15%] Built target lab4_generate_messages_py
[ 20%] Built target lab4_generate_messages_nodejs
[ 25%] Built target lab4_generate_messages_lisp
[ 30%] Built target lab4_generate_messages_cpp
[ 32%] Built target stageros_lab4
[ 38%] Built target lab6_generate_messages_py
[ 43%] Built target lab6_generate_messages_cpp
[ 49%] Built target lab6_generate_messages_eus
[ 54%] Built target lab6_generate_messages_lisp
[ 59%] Built target lab6_generate_messages_nodejs
Scanning dependencies of target lab7_generate_messages_nodejs
[ 60%] Generating Javascript code from lab7/PlotPose.msg
[ 61%] Generating Javascript code from lab7/SimPose.msg
[ 62%] Generating Javascript code from lab7/MapPoints.msg
[ 63%] Generating Javascript code from lab7/PlotPoint.msg
[ 65%] Generating Javascript code from lab7/MapInit.srv
[ 66%] Generating Javascript code from lab7/ProbDist.srv
[ 66%] Built target lab7_generate_messages_nodejs
Scanning dependencies of target lab7_generate_messages_py
[ 67%] Generating Python from MSG lab7/PlotPose
[ 68%] Generating Python from MSG lab7/SimPose
[ 69%] Generating Python from MSG lab7/MapPoints
[ 71%] Generating Python from MSG lab7/PlotPoint
[ 72%] Generating Python code from SRV lab7/MapInit
[ 73%] Generating Python code from SRV lab7/ProbDist
[ 74%] Generating Python msg __init__.py for lab7
[ 75%] Generating Python srv __init__.py for lab7
[ 75%] Built target lab7_generate_messages_py
Scanning dependencies of target lab7_generate_messages_cpp
[ 77%] Generating C++ code from lab7/PlotPose.msg
[ 78%] Generating C++ code from lab7/SimPose.msg
[ 79%] Generating C++ code from lab7/MapPoints.msg
[ 80%] Generating C++ code from lab7/PlotPoint.msg
[ 81%] Generating C++ code from lab7/MapInit.srv
[ 83%] Generating C++ code from lab7/ProbDist.srv
[ 83%] Built target lab7_generate_messages_cpp
Scanning dependencies of target lab7_generate_messages_eus
[ 84%] Generating EusLisp code from lab7/PlotPose.msg
[ 85%] Generating EusLisp code from lab7/SimPose.msg
[ 86%] Generating EusLisp code from lab7/MapPoints.msg
[ 87%] Generating EusLisp code from lab7/PlotPoint.msg
[ 89%] Generating EusLisp code from lab7/MapInit.srv
[ 90%] Generating EusLisp code from lab7/ProbDist.srv
[ 91%] Generating EusLisp manifest code for lab7
[ 91%] Built target lab7_generate_messages_eus
Scanning dependencies of target lab7_generate_messages_lisp
[ 92%] Generating Lisp code from lab7/PlotPose.msg
[ 93%] Generating Lisp code from lab7/SimPose.msg
[ 95%] Generating Lisp code from lab7/MapPoints.msg
[ 96%] Generating Lisp code from lab7/PlotPoint.msg
[ 97%] Generating Lisp code from lab7/MapInit.srv
[ 98%] Generating Lisp code from lab7/ProbDist.srv
[ 98%] Built target lab7_generate_messages_lisp
[ 98%] Built target lab4_generate_messages
[ 98%] Built target lab6_generate_messages
Scanning dependencies of target lab7_generate_messages
[ 98%] Built target lab7_generate_messages
[100%] Linking CXX executable /home/artemis/catkin_ws/devel/lib/lab7/stageros_lab7
[100%] Built target stageros_lab7
Base path: /home/artemis/catkin_ws
Source space: /home/artemis/catkin_ws/src
Build space: /home/artemis/catkin_ws/build
Devel space: /home/artemis/catkin_ws/devel
Install space: /home/artemis/catkin_ws/install
####
#### Running command: "cmake /home/artemis/catkin_ws/src -DCATKIN_DEVEL_PREFIX=/home/artemis/catkin_ws/devel -DCMAKE_INSTALL_PREFIX=/home/artemis/catkin_ws/install -G Unix Makefiles" in "/home/artemis/catkin_ws/build"
####
####
#### Running command: "make -j2 -l2" in "/home/artemis/catkin_ws/build"
####
