 > Lab Work Directory: /home/artemis/catkin_ws/src/
------- STEP: 1 -------
Archive:  lab3.zip
   creating: /home/artemis/catkin_ws/src/lab3/
  inflating: /home/artemis/catkin_ws/src/lab3/CMakeLists.txt  
  inflating: /home/artemis/catkin_ws/src/lab3/package.xml  
   creating: /home/artemis/catkin_ws/src/lab3/include/
   creating: /home/artemis/catkin_ws/src/lab3/include/lab3/
   creating: /home/artemis/catkin_ws/src/lab3/launch/
  inflating: /home/artemis/catkin_ws/src/lab3/launch/work.launch  
   creating: /home/artemis/catkin_ws/src/lab3/msg/
  inflating: /home/artemis/catkin_ws/src/lab3/msg/MapPoints.msg  
  inflating: /home/artemis/catkin_ws/src/lab3/msg/PlotPoint.msg  
  inflating: /home/artemis/catkin_ws/src/lab3/msg/PlotPose.msg  
  inflating: /home/artemis/catkin_ws/src/lab3/msg/SimPose.msg  
   creating: /home/artemis/catkin_ws/src/lab3/scripts/
   creating: /home/artemis/catkin_ws/src/lab3/src/
  inflating: /home/artemis/catkin_ws/src/lab3/src/stageros.cpp  
  inflating: /home/artemis/catkin_ws/src/lab3/src/teleop_keyboard.py  
   creating: /home/artemis/catkin_ws/src/lab3/world/
  inflating: /home/artemis/catkin_ws/src/lab3/world/maze.png  
  inflating: /home/artemis/catkin_ws/src/lab3/world/playground.world  
------- STEP: 2 -------

source /opt/ros/melodic/setup.bash
source /home/artemis/catkin_ws/devel/setup.bash

source ~/.bash_aliases
--- ls:
-rwxr-x--- 1 artemis artemis 122 Sep 22 23:30 /home/artemis/.bash_aliases
--- cat:
alias lab3-manager="mon launch lab3 work.launch --no-start"
alias robot-keyboard-teleop="rosrun lab3 teleop_keyboard.py"


------- STEP: 3 -------
-- Using CATKIN_DEVEL_PREFIX: /home/artemis/catkin_ws/devel
-- Using CMAKE_PREFIX_PATH: /home/artemis/catkin_ws/devel;/opt/ros/melodic
-- This workspace overlays: /home/artemis/catkin_ws/devel;/opt/ros/melodic
-- Found PythonInterp: /usr/bin/python2 (found suitable version "2.7.17", minimum required is "2") 
-- Using PYTHON_EXECUTABLE: /usr/bin/python2
-- Using Debian Python package layout
-- Using empy: /usr/bin/empy
-- Using CATKIN_ENABLE_TESTING: ON
-- Call enable_testing()
-- Using CATKIN_TEST_RESULTS_DIR: /home/artemis/catkin_ws/build/test_results
-- Found gtest sources under '/usr/src/googletest': gtests will be built
-- Found gmock sources under '/usr/src/googletest': gmock will be built
-- Found PythonInterp: /usr/bin/python2 (found version "2.7.17") 
-- Using Python nosetests: /usr/bin/nosetests-2.7
-- catkin 0.7.28
-- BUILD_SHARED_LIBS is on
-- BUILD_SHARED_LIBS is on
-- ~~~~~~~~~~~~~~~~~~~~~~~~~~~~~~~~~~~~~~~~~~~~~~~~~
-- ~~  traversing 1 packages in topological order:
-- ~~  - lab3
-- ~~~~~~~~~~~~~~~~~~~~~~~~~~~~~~~~~~~~~~~~~~~~~~~~~
-- +++ processing catkin package: 'lab3'
-- ==> add_subdirectory(lab3)
-- Using these message generators: gencpp;geneus;genlisp;gennodejs;genpy
-- Boost version: 1.65.1
-- Found the following Boost libraries:
--   system
--   thread
--   chrono
--   date_time
--   atomic
-- lab3: 4 messages, 0 services
-- Configuring done
-- Generating done
-- Build files have been written to: /home/artemis/catkin_ws/build
Scanning dependencies of target _lab3_generate_messages_check_deps_SimPose
Scanning dependencies of target _lab3_generate_messages_check_deps_MapPoints
[  0%] Built target _lab3_generate_messages_check_deps_SimPose
[  0%] Built target _lab3_generate_messages_check_deps_MapPoints
Scanning dependencies of target geometry_msgs_generate_messages_lisp
Scanning dependencies of target _lab3_generate_messages_check_deps_PlotPose
[  0%] Built target geometry_msgs_generate_messages_lisp
Scanning dependencies of target nav_msgs_generate_messages_lisp
[  0%] Built target nav_msgs_generate_messages_lisp
Scanning dependencies of target _lab3_generate_messages_check_deps_PlotPoint
[  0%] Built target _lab3_generate_messages_check_deps_PlotPose
Scanning dependencies of target std_msgs_generate_messages_lisp
[  0%] Built target _lab3_generate_messages_check_deps_PlotPoint
[  0%] Built target std_msgs_generate_messages_lisp
Scanning dependencies of target nav_msgs_generate_messages_nodejs
Scanning dependencies of target geometry_msgs_generate_messages_nodejs
[  0%] Built target nav_msgs_generate_messages_nodejs
[  0%] Built target geometry_msgs_generate_messages_nodejs
Scanning dependencies of target std_msgs_generate_messages_nodejs
Scanning dependencies of target geometry_msgs_generate_messages_py
[  0%] Built target std_msgs_generate_messages_nodejs
[  0%] Built target geometry_msgs_generate_messages_py
Scanning dependencies of target nav_msgs_generate_messages_py
Scanning dependencies of target std_msgs_generate_messages_py
[  0%] Built target nav_msgs_generate_messages_py
Scanning dependencies of target std_msgs_generate_messages_eus
[  0%] Built target std_msgs_generate_messages_py
[  0%] Built target std_msgs_generate_messages_eus
Scanning dependencies of target geometry_msgs_generate_messages_eus
Scanning dependencies of target nav_msgs_generate_messages_eus
[  0%] Built target geometry_msgs_generate_messages_eus
[  0%] Built target nav_msgs_generate_messages_eus
Scanning dependencies of target nav_msgs_generate_messages_cpp
Scanning dependencies of target geometry_msgs_generate_messages_cpp
[  0%] Built target nav_msgs_generate_messages_cpp
[  0%] Built target geometry_msgs_generate_messages_cpp
Scanning dependencies of target std_msgs_generate_messages_cpp
Scanning dependencies of target sensor_msgs_generate_messages_cpp
[  0%] Built target std_msgs_generate_messages_cpp
Scanning dependencies of target sensor_msgs_generate_messages_eus
[  0%] Built target sensor_msgs_generate_messages_cpp
[  0%] Built target sensor_msgs_generate_messages_eus
Scanning dependencies of target actionlib_msgs_generate_messages_nodejs
Scanning dependencies of target rosgraph_msgs_generate_messages_nodejs
[  0%] Built target actionlib_msgs_generate_messages_nodejs
[  0%] Built target rosgraph_msgs_generate_messages_nodejs
Scanning dependencies of target roscpp_generate_messages_py
Scanning dependencies of target rosgraph_msgs_generate_messages_py
[  0%] Built target roscpp_generate_messages_py
[  0%] Built target rosgraph_msgs_generate_messages_py
Scanning dependencies of target actionlib_msgs_generate_messages_eus
Scanning dependencies of target actionlib_msgs_generate_messages_lisp
[  0%] Built target actionlib_msgs_generate_messages_eus
[  0%] Built target actionlib_msgs_generate_messages_lisp
Scanning dependencies of target roscpp_generate_messages_nodejs
Scanning dependencies of target actionlib_msgs_generate_messages_py
[  0%] Built target roscpp_generate_messages_nodejs
[  0%] Built target actionlib_msgs_generate_messages_py
Scanning dependencies of target roscpp_generate_messages_eus
Scanning dependencies of target rosgraph_msgs_generate_messages_cpp
[  0%] Built target roscpp_generate_messages_eus
[  0%] Built target rosgraph_msgs_generate_messages_cpp
Scanning dependencies of target rosgraph_msgs_generate_messages_lisp
Scanning dependencies of target std_srvs_generate_messages_eus
[  0%] Built target rosgraph_msgs_generate_messages_lisp
[  0%] Built target std_srvs_generate_messages_eus
Scanning dependencies of target sensor_msgs_generate_messages_lisp
Scanning dependencies of target actionlib_generate_messages_cpp
[  0%] Built target actionlib_generate_messages_cpp
[  0%] Built target sensor_msgs_generate_messages_lisp
Scanning dependencies of target roscpp_generate_messages_cpp
Scanning dependencies of target sensor_msgs_generate_messages_nodejs
[  0%] Built target roscpp_generate_messages_cpp
Scanning dependencies of target tf_generate_messages_py
[  0%] Built target sensor_msgs_generate_messages_nodejs
[  0%] Built target tf_generate_messages_py
Scanning dependencies of target sensor_msgs_generate_messages_py
[  0%] Built target sensor_msgs_generate_messages_py
Scanning dependencies of target tf2_msgs_generate_messages_nodejs
Scanning dependencies of target tf2_msgs_generate_messages_py
[  0%] Built target tf2_msgs_generate_messages_nodejs
[  0%] Built target tf2_msgs_generate_messages_py
Scanning dependencies of target tf2_msgs_generate_messages_lisp
Scanning dependencies of target tf2_msgs_generate_messages_eus
[  0%] Built target tf2_msgs_generate_messages_eus
[  0%] Built target tf2_msgs_generate_messages_lisp
Scanning dependencies of target tf2_msgs_generate_messages_cpp
Scanning dependencies of target actionlib_generate_messages_py
[  0%] Built target tf2_msgs_generate_messages_cpp
[  0%] Built target actionlib_generate_messages_py
Scanning dependencies of target actionlib_generate_messages_nodejs
Scanning dependencies of target actionlib_generate_messages_eus
[  0%] Built target actionlib_generate_messages_nodejs
[  0%] Built target actionlib_generate_messages_eus
Scanning dependencies of target tf_generate_messages_nodejs
Scanning dependencies of target tf_generate_messages_lisp
[  0%] Built target tf_generate_messages_nodejs
[  0%] Built target tf_generate_messages_lisp
Scanning dependencies of target tf_generate_messages_eus
Scanning dependencies of target tf_generate_messages_cpp
[  0%] Built target tf_generate_messages_eus
[  0%] Built target tf_generate_messages_cpp
Scanning dependencies of target std_srvs_generate_messages_py
[  0%] Built target std_srvs_generate_messages_py
Scanning dependencies of target std_srvs_generate_messages_nodejs
Scanning dependencies of target actionlib_generate_messages_lisp
[  0%] Built target std_srvs_generate_messages_nodejs
[  0%] Built target actionlib_generate_messages_lisp
Scanning dependencies of target std_srvs_generate_messages_lisp
Scanning dependencies of target rosgraph_msgs_generate_messages_eus
[  0%] Built target std_srvs_generate_messages_lisp
[  0%] Built target rosgraph_msgs_generate_messages_eus
Scanning dependencies of target actionlib_msgs_generate_messages_cpp
Scanning dependencies of target std_srvs_generate_messages_cpp
[  0%] Built target std_srvs_generate_messages_cpp
[  0%] Built target actionlib_msgs_generate_messages_cpp
Scanning dependencies of target roscpp_generate_messages_lisp
[  0%] Built target roscpp_generate_messages_lisp
Scanning dependencies of target lab3_generate_messages_lisp
Scanning dependencies of target lab3_generate_messages_nodejs
[  4%] Generating Javascript code from lab3/PlotPoint.msg
[  8%] Generating Lisp code from lab3/PlotPoint.msg
[ 12%] Generating Javascript code from lab3/PlotPose.msg
[ 16%] Generating Lisp code from lab3/PlotPose.msg
[ 20%] Generating Javascript code from lab3/SimPose.msg
[ 25%] Generating Lisp code from lab3/SimPose.msg
[ 29%] Generating Javascript code from lab3/MapPoints.msg
[ 33%] Generating Lisp code from lab3/MapPoints.msg
[ 33%] Built target lab3_generate_messages_lisp
[ 33%] Built target lab3_generate_messages_nodejs
Scanning dependencies of target lab3_generate_messages_py
Scanning dependencies of target lab3_generate_messages_eus
[ 37%] Generating EusLisp code from lab3/PlotPoint.msg
[ 41%] Generating Python from MSG lab3/PlotPoint
[ 45%] Generating EusLisp code from lab3/PlotPose.msg
[ 50%] Generating EusLisp code from lab3/SimPose.msg
[ 54%] Generating EusLisp code from lab3/MapPoints.msg
[ 58%] Generating Python from MSG lab3/PlotPose
[ 62%] Generating EusLisp manifest code for lab3
[ 66%] Generating Python from MSG lab3/SimPose
[ 70%] Generating Python from MSG lab3/MapPoints
[ 75%] Generating Python msg __init__.py for lab3
[ 75%] Built target lab3_generate_messages_eus
Scanning dependencies of target lab3_generate_messages_cpp
[ 79%] Generating C++ code from lab3/PlotPoint.msg
[ 79%] Built target lab3_generate_messages_py
[ 83%] Generating C++ code from lab3/PlotPose.msg
Scanning dependencies of target stageros
[ 87%] Building CXX object lab3/CMakeFiles/stageros.dir/src/stageros.cpp.o
[ 91%] Generating C++ code from lab3/SimPose.msg
[ 95%] Generating C++ code from lab3/MapPoints.msg
[ 95%] Built target lab3_generate_messages_cpp
Scanning dependencies of target lab3_generate_messages
[ 95%] Built target lab3_generate_messages
[100%] Linking CXX executable /home/artemis/catkin_ws/devel/lib/lab3/stageros
[100%] Built target stageros
Base path: /home/artemis/catkin_ws
Source space: /home/artemis/catkin_ws/src
Build space: /home/artemis/catkin_ws/build
Devel space: /home/artemis/catkin_ws/devel
Install space: /home/artemis/catkin_ws/install
####
#### Running command: "cmake /home/artemis/catkin_ws/src -DCATKIN_DEVEL_PREFIX=/home/artemis/catkin_ws/devel -DCMAKE_INSTALL_PREFIX=/home/artemis/catkin_ws/install -G Unix Makefiles" in "/home/artemis/catkin_ws/build"
####
####
#### Running command: "make -j2 -l2" in "/home/artemis/catkin_ws/build"
####
