 > Lab Work Directory: /home/artemis/catkin_ws/src/
------- STEP: 1 -------
Archive:  lab5.zip
   creating: /home/artemis/catkin_ws/src/lab5/
  inflating: /home/artemis/catkin_ws/src/lab5/package.xml  
  inflating: /home/artemis/catkin_ws/src/lab5/CMakeLists.txt  
   creating: /home/artemis/catkin_ws/src/lab5/include/
   creating: /home/artemis/catkin_ws/src/lab5/include/lab5/
   creating: /home/artemis/catkin_ws/src/lab5/src/
  inflating: /home/artemis/catkin_ws/src/lab5/src/stageros_lab5.cpp  
  inflating: /home/artemis/catkin_ws/src/lab5/src/teleop_keyboard.py  
   creating: /home/artemis/catkin_ws/src/lab5/scripts/
  inflating: /home/artemis/catkin_ws/src/lab5/scripts/lab5.ipynb  
  inflating: /home/artemis/catkin_ws/src/lab5/scripts/robot_interface.py  
   creating: /home/artemis/catkin_ws/src/lab5/world/
  inflating: /home/artemis/catkin_ws/src/lab5/world/empty.pgm  
  inflating: /home/artemis/catkin_ws/src/lab5/world/maze.png  
  inflating: /home/artemis/catkin_ws/src/lab5/world/playground.world  
   creating: /home/artemis/catkin_ws/src/lab5/msg/
  inflating: /home/artemis/catkin_ws/src/lab5/msg/MapPoints.msg  
  inflating: /home/artemis/catkin_ws/src/lab5/msg/PlotPoint.msg  
  inflating: /home/artemis/catkin_ws/src/lab5/msg/PlotPose.msg  
  inflating: /home/artemis/catkin_ws/src/lab5/msg/SimPose.msg  
   creating: /home/artemis/catkin_ws/src/lab5/launch/
  inflating: /home/artemis/catkin_ws/src/lab5/launch/work.launch  
------- STEP: 2 -------

source /opt/ros/melodic/setup.bash
source /home/artemis/catkin_ws/devel/setup.bash

source ~/.bash_aliases
--- ls:
-rwxr-xr-x 1 artemis artemis 242 Oct 10 23:27 /home/artemis/.bash_aliases
--- cat:
alias lab3-manager="mon launch lab3 work.launch --no-start"
alias lab4-manager="mon launch lab4 work.launch --no-start"
alias lab5-manager="mon launch lab5 work.launch --no-start"
alias robot-keyboard-teleop="rosrun lab5 teleop_keyboard.py"


------- STEP: 3 -------
-- Using CATKIN_DEVEL_PREFIX: /home/artemis/catkin_ws/devel
-- Using CMAKE_PREFIX_PATH: /home/artemis/catkin_ws/devel;/opt/ros/melodic
-- This workspace overlays: /home/artemis/catkin_ws/devel;/opt/ros/melodic
-- Found PythonInterp: /usr/bin/python2 (found suitable version "2.7.17", minimum required is "2") 
-- Using PYTHON_EXECUTABLE: /usr/bin/python2
-- Using Debian Python package layout
-- Using empy: /usr/bin/empy
-- Using CATKIN_ENABLE_TESTING: ON
-- Call enable_testing()
-- Using CATKIN_TEST_RESULTS_DIR: /home/artemis/catkin_ws/build/test_results
-- Found gtest sources under '/usr/src/googletest': gtests will be built
-- Found gmock sources under '/usr/src/googletest': gmock will be built
-- Found PythonInterp: /usr/bin/python2 (found version "2.7.17") 
-- Using Python nosetests: /usr/bin/nosetests-2.7
-- catkin 0.7.28
-- BUILD_SHARED_LIBS is on
-- BUILD_SHARED_LIBS is on
-- ~~~~~~~~~~~~~~~~~~~~~~~~~~~~~~~~~~~~~~~~~~~~~~~~~
-- ~~  traversing 3 packages in topological order:
-- ~~  - lab3
-- ~~  - lab4
-- ~~  - lab5
-- ~~~~~~~~~~~~~~~~~~~~~~~~~~~~~~~~~~~~~~~~~~~~~~~~~
-- +++ processing catkin package: 'lab3'
-- ==> add_subdirectory(lab3)
-- Using these message generators: gencpp;geneus;genlisp;gennodejs;genpy
-- Boost version: 1.65.1
-- Found the following Boost libraries:
--   system
--   thread
--   chrono
--   date_time
--   atomic
-- lab3: 4 messages, 0 services
-- +++ processing catkin package: 'lab4'
-- ==> add_subdirectory(lab4)
-- Using these message generators: gencpp;geneus;genlisp;gennodejs;genpy
-- Boost version: 1.65.1
-- Found the following Boost libraries:
--   system
--   thread
--   chrono
--   date_time
--   atomic
-- lab4: 4 messages, 0 services
-- +++ processing catkin package: 'lab5'
-- ==> add_subdirectory(lab5)
-- Using these message generators: gencpp;geneus;genlisp;gennodejs;genpy
-- Boost version: 1.65.1
-- Found the following Boost libraries:
--   system
--   thread
--   chrono
--   date_time
--   atomic
-- lab5: 4 messages, 0 services
-- Configuring done
-- Generating done
-- Build files have been written to: /home/artemis/catkin_ws/build
[  0%] Built target nav_msgs_generate_messages_nodejs
[  0%] Built target geometry_msgs_generate_messages_nodejs
[  0%] Built target _lab3_generate_messages_check_deps_PlotPose
[  0%] Built target std_msgs_generate_messages_nodejs
[  0%] Built target _lab3_generate_messages_check_deps_PlotPoint
[  0%] Built target _lab3_generate_messages_check_deps_MapPoints
[  0%] Built target geometry_msgs_generate_messages_py
[  0%] Built target _lab3_generate_messages_check_deps_SimPose
[  0%] Built target nav_msgs_generate_messages_py
[  0%] Built target std_msgs_generate_messages_py
[  0%] Built target geometry_msgs_generate_messages_eus
[  0%] Built target nav_msgs_generate_messages_eus
[  0%] Built target geometry_msgs_generate_messages_cpp
[  0%] Built target std_msgs_generate_messages_eus
[  0%] Built target std_msgs_generate_messages_cpp
[  0%] Built target nav_msgs_generate_messages_cpp
[  0%] Built target nav_msgs_generate_messages_lisp
[  0%] Built target geometry_msgs_generate_messages_lisp
[  0%] Built target sensor_msgs_generate_messages_py
[  0%] Built target std_msgs_generate_messages_lisp
[  0%] Built target tf2_msgs_generate_messages_nodejs
[  0%] Built target tf2_msgs_generate_messages_py
[  0%] Built target tf2_msgs_generate_messages_lisp
[  0%] Built target tf2_msgs_generate_messages_eus
[  0%] Built target actionlib_generate_messages_py
[  0%] Built target tf2_msgs_generate_messages_cpp
[  0%] Built target actionlib_generate_messages_eus
[  0%] Built target actionlib_generate_messages_nodejs
[  0%] Built target tf_generate_messages_nodejs
[  0%] Built target tf_generate_messages_lisp
[  0%] Built target tf_generate_messages_cpp
[  0%] Built target tf_generate_messages_eus
[  0%] Built target actionlib_generate_messages_lisp
[  0%] Built target std_srvs_generate_messages_py
[  0%] Built target std_srvs_generate_messages_lisp
[  0%] Built target std_srvs_generate_messages_nodejs
[  0%] Built target actionlib_msgs_generate_messages_cpp
[  0%] Built target rosgraph_msgs_generate_messages_eus
[  0%] Built target std_srvs_generate_messages_cpp
[  0%] Built target roscpp_generate_messages_lisp
[  0%] Built target sensor_msgs_generate_messages_eus
[  0%] Built target sensor_msgs_generate_messages_cpp
[  0%] Built target rosgraph_msgs_generate_messages_nodejs
[  0%] Built target actionlib_msgs_generate_messages_nodejs
[  0%] Built target rosgraph_msgs_generate_messages_py
[  0%] Built target roscpp_generate_messages_py
[  0%] Built target actionlib_msgs_generate_messages_lisp
[  0%] Built target actionlib_msgs_generate_messages_eus
[  0%] Built target actionlib_msgs_generate_messages_py
[  0%] Built target roscpp_generate_messages_nodejs
[  0%] Built target roscpp_generate_messages_eus
[  0%] Built target rosgraph_msgs_generate_messages_cpp
[  0%] Built target rosgraph_msgs_generate_messages_lisp
[  0%] Built target std_srvs_generate_messages_eus
[  0%] Built target sensor_msgs_generate_messages_lisp
[  0%] Built target actionlib_generate_messages_cpp
[  0%] Built target sensor_msgs_generate_messages_nodejs
[  0%] Built target roscpp_generate_messages_cpp
[  0%] Built target tf_generate_messages_py
[  0%] Built target _lab4_generate_messages_check_deps_PlotPoint
[  0%] Built target _lab4_generate_messages_check_deps_PlotPose
[  0%] Built target _lab4_generate_messages_check_deps_SimPose
[  0%] Built target _lab4_generate_messages_check_deps_MapPoints
[  2%] Built target stageros_lab4
Scanning dependencies of target _lab5_generate_messages_check_deps_SimPose
Scanning dependencies of target _lab5_generate_messages_check_deps_PlotPose
[  2%] Built target _lab5_generate_messages_check_deps_SimPose
[  2%] Built target _lab5_generate_messages_check_deps_PlotPose
Scanning dependencies of target _lab5_generate_messages_check_deps_PlotPoint
Scanning dependencies of target _lab5_generate_messages_check_deps_MapPoints
[  2%] Built target _lab5_generate_messages_check_deps_PlotPoint
[  2%] Built target _lab5_generate_messages_check_deps_MapPoints
[  8%] Built target lab3_generate_messages_nodejs
[ 15%] Built target lab3_generate_messages_py
[ 22%] Built target lab3_generate_messages_eus
[ 27%] Built target lab3_generate_messages_cpp
[ 33%] Built target lab3_generate_messages_lisp
Scanning dependencies of target stageros_lab5
[ 34%] Building CXX object lab5/CMakeFiles/stageros_lab5.dir/src/stageros_lab5.cpp.o
[ 37%] Built target stageros
[ 43%] Built target lab4_generate_messages_nodejs
[ 50%] Built target lab4_generate_messages_py
[ 55%] Built target lab4_generate_messages_cpp
[ 62%] Built target lab4_generate_messages_eus
[ 68%] Built target lab4_generate_messages_lisp
Scanning dependencies of target lab5_generate_messages_nodejs
[ 69%] Generating Javascript code from lab5/SimPose.msg
[ 70%] Generating Javascript code from lab5/PlotPoint.msg
[ 72%] Generating Javascript code from lab5/PlotPose.msg
[ 73%] Generating Javascript code from lab5/MapPoints.msg
[ 73%] Built target lab5_generate_messages_nodejs
Scanning dependencies of target lab5_generate_messages_cpp
[ 75%] Generating C++ code from lab5/SimPose.msg
[ 76%] Generating C++ code from lab5/PlotPoint.msg
[ 77%] Generating C++ code from lab5/PlotPose.msg
[ 79%] Generating C++ code from lab5/MapPoints.msg
[ 79%] Built target lab5_generate_messages_cpp
Scanning dependencies of target lab5_generate_messages_eus
[ 80%] Generating EusLisp code from lab5/SimPose.msg
[ 81%] Generating EusLisp code from lab5/PlotPoint.msg
[ 83%] Generating EusLisp code from lab5/PlotPose.msg
[ 84%] Generating EusLisp code from lab5/MapPoints.msg
[ 86%] Generating EusLisp manifest code for lab5
[ 86%] Built target lab5_generate_messages_eus
Scanning dependencies of target lab5_generate_messages_py
[ 87%] Generating Python from MSG lab5/SimPose
[ 88%] Generating Python from MSG lab5/PlotPoint
[ 90%] Generating Python from MSG lab5/PlotPose
[ 91%] Generating Python from MSG lab5/MapPoints
[ 93%] Generating Python msg __init__.py for lab5
[ 93%] Built target lab5_generate_messages_py
Scanning dependencies of target lab5_generate_messages_lisp
[ 94%] Generating Lisp code from lab5/SimPose.msg
[ 95%] Generating Lisp code from lab5/PlotPoint.msg
[ 97%] Generating Lisp code from lab5/PlotPose.msg
[ 98%] Generating Lisp code from lab5/MapPoints.msg
[ 98%] Built target lab5_generate_messages_lisp
[ 98%] Built target lab3_generate_messages
[ 98%] Built target lab4_generate_messages
Scanning dependencies of target lab5_generate_messages
[ 98%] Built target lab5_generate_messages
[100%] Linking CXX executable /home/artemis/catkin_ws/devel/lib/lab5/stageros_lab5
[100%] Built target stageros_lab5
Base path: /home/artemis/catkin_ws
Source space: /home/artemis/catkin_ws/src
Build space: /home/artemis/catkin_ws/build
Devel space: /home/artemis/catkin_ws/devel
Install space: /home/artemis/catkin_ws/install
####
#### Running command: "cmake /home/artemis/catkin_ws/src -DCATKIN_DEVEL_PREFIX=/home/artemis/catkin_ws/devel -DCMAKE_INSTALL_PREFIX=/home/artemis/catkin_ws/install -G Unix Makefiles" in "/home/artemis/catkin_ws/build"
####
####
#### Running command: "make -j2 -l2" in "/home/artemis/catkin_ws/build"
####
