 > Lab Work Directory: /home/artemis/catkin_ws/src/
------- STEP: 1 -------
Archive:  lab4.zip
   creating: /home/artemis/catkin_ws/src/lab4/
  inflating: /home/artemis/catkin_ws/src/lab4/CMakeLists.txt  
  inflating: /home/artemis/catkin_ws/src/lab4/package.xml  
   creating: /home/artemis/catkin_ws/src/lab4/include/
   creating: /home/artemis/catkin_ws/src/lab4/include/lab4/
   creating: /home/artemis/catkin_ws/src/lab4/launch/
  inflating: /home/artemis/catkin_ws/src/lab4/launch/work.launch  
   creating: /home/artemis/catkin_ws/src/lab4/msg/
  inflating: /home/artemis/catkin_ws/src/lab4/msg/MapPoints.msg  
  inflating: /home/artemis/catkin_ws/src/lab4/msg/PlotPoint.msg  
  inflating: /home/artemis/catkin_ws/src/lab4/msg/PlotPose.msg  
  inflating: /home/artemis/catkin_ws/src/lab4/msg/SimPose.msg  
   creating: /home/artemis/catkin_ws/src/lab4/scripts/
  inflating: /home/artemis/catkin_ws/src/lab4/scripts/lab4.ipynb  
  inflating: /home/artemis/catkin_ws/src/lab4/scripts/robot_interface.py  
   creating: /home/artemis/catkin_ws/src/lab4/src/
  inflating: /home/artemis/catkin_ws/src/lab4/src/teleop_keyboard.py  
  inflating: /home/artemis/catkin_ws/src/lab4/src/stageros_lab4.cpp  
   creating: /home/artemis/catkin_ws/src/lab4/world/
  inflating: /home/artemis/catkin_ws/src/lab4/world/empty.pgm  
  inflating: /home/artemis/catkin_ws/src/lab4/world/maze.png  
  inflating: /home/artemis/catkin_ws/src/lab4/world/playground.world  
------- STEP: 2 -------

source /opt/ros/melodic/setup.bash
source /home/artemis/catkin_ws/devel/setup.bash

source ~/.bash_aliases
--- ls:
-rw-r--r-- 1 artemis artemis 182 Oct  2 22:10 /home/artemis/.bash_aliases
--- cat:
alias lab3-manager="mon launch lab3 work.launch --no-start"
alias lab4-manager="mon launch lab4 work.launch --no-start"
alias robot-keyboard-teleop="rosrun lab4 teleop_keyboard.py"


------- STEP: 3 -------
-- Using CATKIN_DEVEL_PREFIX: /home/artemis/catkin_ws/devel
-- Using CMAKE_PREFIX_PATH: /home/artemis/catkin_ws/devel;/opt/ros/melodic
-- This workspace overlays: /home/artemis/catkin_ws/devel;/opt/ros/melodic
-- Found PythonInterp: /usr/bin/python2 (found suitable version "2.7.17", minimum required is "2") 
-- Using PYTHON_EXECUTABLE: /usr/bin/python2
-- Using Debian Python package layout
-- Using empy: /usr/bin/empy
-- Using CATKIN_ENABLE_TESTING: ON
-- Call enable_testing()
-- Using CATKIN_TEST_RESULTS_DIR: /home/artemis/catkin_ws/build/test_results
-- Found gtest sources under '/usr/src/googletest': gtests will be built
-- Found gmock sources under '/usr/src/googletest': gmock will be built
-- Found PythonInterp: /usr/bin/python2 (found version "2.7.17") 
-- Using Python nosetests: /usr/bin/nosetests-2.7
-- catkin 0.7.28
-- BUILD_SHARED_LIBS is on
-- BUILD_SHARED_LIBS is on
-- ~~~~~~~~~~~~~~~~~~~~~~~~~~~~~~~~~~~~~~~~~~~~~~~~~
-- ~~  traversing 2 packages in topological order:
-- ~~  - lab3
-- ~~  - lab4
-- ~~~~~~~~~~~~~~~~~~~~~~~~~~~~~~~~~~~~~~~~~~~~~~~~~
-- +++ processing catkin package: 'lab3'
-- ==> add_subdirectory(lab3)
-- Using these message generators: gencpp;geneus;genlisp;gennodejs;genpy
-- Boost version: 1.65.1
-- Found the following Boost libraries:
--   system
--   thread
--   chrono
--   date_time
--   atomic
-- lab3: 4 messages, 0 services
-- +++ processing catkin package: 'lab4'
-- ==> add_subdirectory(lab4)
-- Using these message generators: gencpp;geneus;genlisp;gennodejs;genpy
-- Boost version: 1.65.1
-- Found the following Boost libraries:
--   system
--   thread
--   chrono
--   date_time
--   atomic
-- lab4: 4 messages, 0 services
-- Configuring done
-- Generating done
-- Build files have been written to: /home/artemis/catkin_ws/build
[  0%] Built target nav_msgs_generate_messages_nodejs
[  0%] Built target _lab3_generate_messages_check_deps_PlotPose
[  0%] Built target geometry_msgs_generate_messages_nodejs
[  0%] Built target std_msgs_generate_messages_nodejs
[  0%] Built target _lab3_generate_messages_check_deps_PlotPoint
[  0%] Built target _lab3_generate_messages_check_deps_MapPoints
[  0%] Built target geometry_msgs_generate_messages_py
[  0%] Built target _lab3_generate_messages_check_deps_SimPose
[  0%] Built target nav_msgs_generate_messages_py
[  0%] Built target std_msgs_generate_messages_py
[  0%] Built target geometry_msgs_generate_messages_eus
[  0%] Built target nav_msgs_generate_messages_eus
[  0%] Built target std_msgs_generate_messages_eus
[  0%] Built target geometry_msgs_generate_messages_cpp
[  0%] Built target std_msgs_generate_messages_cpp
[  0%] Built target geometry_msgs_generate_messages_lisp
[  0%] Built target nav_msgs_generate_messages_cpp
[  0%] Built target nav_msgs_generate_messages_lisp
[  0%] Built target std_msgs_generate_messages_lisp
[  0%] Built target tf2_msgs_generate_messages_nodejs
[  0%] Built target sensor_msgs_generate_messages_py
[  0%] Built target tf2_msgs_generate_messages_lisp
[  0%] Built target tf2_msgs_generate_messages_py
[  0%] Built target tf2_msgs_generate_messages_cpp
[  0%] Built target tf2_msgs_generate_messages_eus
[  0%] Built target actionlib_generate_messages_py
[  0%] Built target actionlib_generate_messages_nodejs
[  0%] Built target actionlib_generate_messages_eus
[  0%] Built target tf_generate_messages_nodejs
[  0%] Built target tf_generate_messages_eus
[  0%] Built target tf_generate_messages_lisp
[  0%] Built target std_srvs_generate_messages_py
[  0%] Built target tf_generate_messages_cpp
[  0%] Built target actionlib_generate_messages_lisp
[  0%] Built target std_srvs_generate_messages_nodejs
[  0%] Built target std_srvs_generate_messages_lisp
[  0%] Built target rosgraph_msgs_generate_messages_eus
[  0%] Built target actionlib_msgs_generate_messages_cpp
[  0%] Built target std_srvs_generate_messages_cpp
[  0%] Built target sensor_msgs_generate_messages_cpp
[  0%] Built target roscpp_generate_messages_lisp
[  0%] Built target sensor_msgs_generate_messages_eus
[  0%] Built target actionlib_msgs_generate_messages_nodejs
[  0%] Built target rosgraph_msgs_generate_messages_py
[  0%] Built target rosgraph_msgs_generate_messages_nodejs
[  0%] Built target roscpp_generate_messages_py
[  0%] Built target actionlib_msgs_generate_messages_eus
[  0%] Built target actionlib_msgs_generate_messages_lisp
[  0%] Built target actionlib_msgs_generate_messages_py
[  0%] Built target roscpp_generate_messages_nodejs
[  0%] Built target roscpp_generate_messages_eus
[  0%] Built target rosgraph_msgs_generate_messages_cpp
[  0%] Built target rosgraph_msgs_generate_messages_lisp
[  0%] Built target sensor_msgs_generate_messages_lisp
[  0%] Built target std_srvs_generate_messages_eus
[  0%] Built target actionlib_generate_messages_cpp
[  0%] Built target roscpp_generate_messages_cpp
[  0%] Built target sensor_msgs_generate_messages_nodejs
[  0%] Built target tf_generate_messages_py
Scanning dependencies of target _lab4_generate_messages_check_deps_PlotPoint
Scanning dependencies of target _lab4_generate_messages_check_deps_PlotPose
[  0%] Built target _lab4_generate_messages_check_deps_PlotPose
[  0%] Built target _lab4_generate_messages_check_deps_PlotPoint
Scanning dependencies of target _lab4_generate_messages_check_deps_MapPoints
Scanning dependencies of target _lab4_generate_messages_check_deps_SimPose
[  0%] Built target _lab4_generate_messages_check_deps_MapPoints
[  0%] Built target _lab4_generate_messages_check_deps_SimPose
[  8%] Built target lab3_generate_messages_nodejs
[ 18%] Built target lab3_generate_messages_py
[ 29%] Built target lab3_generate_messages_eus
[ 37%] Built target lab3_generate_messages_cpp
[ 45%] Built target lab3_generate_messages_lisp
Scanning dependencies of target stageros_lab4
[ 50%] Built target stageros
[ 52%] Building CXX object lab4/CMakeFiles/stageros_lab4.dir/src/stageros_lab4.cpp.o
Scanning dependencies of target lab4_generate_messages_nodejs
[ 54%] Generating Javascript code from lab4/PlotPoint.msg
[ 56%] Generating Javascript code from lab4/SimPose.msg
[ 58%] Generating Javascript code from lab4/PlotPose.msg
[ 60%] Generating Javascript code from lab4/MapPoints.msg
[ 60%] Built target lab4_generate_messages_nodejs
Scanning dependencies of target lab4_generate_messages_py
[ 62%] Generating Python from MSG lab4/PlotPoint
[ 64%] Generating Python from MSG lab4/SimPose
[ 66%] Generating Python from MSG lab4/PlotPose
[ 68%] Generating Python from MSG lab4/MapPoints
[ 70%] Generating Python msg __init__.py for lab4
[ 70%] Built target lab4_generate_messages_py
Scanning dependencies of target lab4_generate_messages_cpp
[ 72%] Generating C++ code from lab4/PlotPoint.msg
[ 75%] Generating C++ code from lab4/SimPose.msg
[ 77%] Generating C++ code from lab4/PlotPose.msg
[ 79%] Generating C++ code from lab4/MapPoints.msg
[ 79%] Built target lab4_generate_messages_cpp
Scanning dependencies of target lab4_generate_messages_eus
[ 81%] Generating EusLisp code from lab4/PlotPoint.msg
[ 83%] Generating EusLisp code from lab4/SimPose.msg
[ 85%] Generating EusLisp code from lab4/PlotPose.msg
[ 87%] Generating EusLisp code from lab4/MapPoints.msg
[ 89%] Generating EusLisp manifest code for lab4
[ 89%] Built target lab4_generate_messages_eus
Scanning dependencies of target lab4_generate_messages_lisp
[ 91%] Generating Lisp code from lab4/PlotPoint.msg
[ 93%] Generating Lisp code from lab4/SimPose.msg
[ 95%] Generating Lisp code from lab4/PlotPose.msg
[ 97%] Generating Lisp code from lab4/MapPoints.msg
[ 97%] Built target lab4_generate_messages_lisp
[ 97%] Built target lab3_generate_messages
Scanning dependencies of target lab4_generate_messages
[ 97%] Built target lab4_generate_messages
[100%] Linking CXX executable /home/artemis/catkin_ws/devel/lib/lab4/stageros_lab4
[100%] Built target stageros_lab4
Base path: /home/artemis/catkin_ws
Source space: /home/artemis/catkin_ws/src
Build space: /home/artemis/catkin_ws/build
Devel space: /home/artemis/catkin_ws/devel
Install space: /home/artemis/catkin_ws/install
####
#### Running command: "cmake /home/artemis/catkin_ws/src -DCATKIN_DEVEL_PREFIX=/home/artemis/catkin_ws/devel -DCMAKE_INSTALL_PREFIX=/home/artemis/catkin_ws/install -G Unix Makefiles" in "/home/artemis/catkin_ws/build"
####
####
#### Running command: "make -j2 -l2" in "/home/artemis/catkin_ws/build"
####
